<?xml version="1.0" encoding="UTF-8"?>
<!-- Generated by org.testng.reporters.JUnitReportReporter -->
<testsuite hostname="QSP" failures="0" tests="5" name="testng.Test1" time="0.059" errors="0" timestamp="2021-06-29T09:53:07 IST" skipped="1">
  <testcase classname="testng.Test1" name="settings" time="0.037"/>
  <testcase classname="testng.Test1" name="settings" time="0.008"/>
  <testcase classname="testng.Test1" name="settings" time="0.009"/>
  <testcase classname="testng.Test1" name="chats" time="0.005"/>
  <testcase classname="testng.Test1" name="calls">
    <skipped/>
  </testcase> <!-- calls -->
</testsuite> <!-- testng.Test1 -->
