<?xml version="1.0" encoding="UTF-8"?>
<!-- Generated by org.testng.reporters.JUnitReportReporter -->
<testsuite hostname="QSP" failures="0" tests="1" name="testng.Testcase1" time="20.556" errors="0" timestamp="2021-06-30T10:15:46 IST" skipped="0">
  <testcase classname="testng.Testcase1" name="login" time="20.556"/>
</testsuite> <!-- testng.Testcase1 -->
