<?xml version="1.0" encoding="UTF-8"?>
<!-- Generated by org.testng.reporters.JUnitReportReporter -->
<testsuite hostname="QSP" failures="0" tests="1" name="testng.Testcase2" time="19.003" errors="0" timestamp="2021-06-29T10:31:46 IST" skipped="0">
  <testcase classname="testng.Testcase2" name="forgotpassword" time="19.003"/>
</testsuite> <!-- testng.Testcase2 -->
