<?xml version="1.0" encoding="UTF-8"?>
<!-- Generated by org.testng.reporters.JUnitReportReporter -->
<testsuite hostname="QSP" failures="0" tests="1" name="testng.Test0" time="0.022" errors="0" timestamp="2021-06-29T09:04:21 IST" skipped="0">
  <testcase classname="testng.Test0" name="demo" time="0.022"/>
</testsuite> <!-- testng.Test0 -->
