<?xml version="1.0" encoding="UTF-8"?>
<!-- Generated by org.testng.reporters.JUnitReportReporter -->
<testsuite hostname="QSP" failures="0" tests="3" name="testng.Test3" time="87.095" errors="0" timestamp="2021-06-30T09:17:26 IST" skipped="0">
  <testcase classname="testng.Test3" name="demo" time="21.815"/>
  <testcase classname="testng.Test3" name="demo" time="41.797"/>
  <testcase classname="testng.Test3" name="demo" time="23.483"/>
</testsuite> <!-- testng.Test3 -->
