<?xml version="1.0" encoding="UTF-8"?>
<!-- Generated by org.testng.reporters.JUnitReportReporter -->
<testsuite hostname="QSP" failures="0" tests="1" name="testng.Testcase3" time="15.949" errors="0" timestamp="2021-06-30T10:12:19 IST" skipped="0">
  <testcase classname="testng.Testcase3" name="tc3" time="15.949"/>
</testsuite> <!-- testng.Testcase3 -->
