<?xml version="1.0" encoding="UTF-8"?>
<!-- Generated by org.testng.reporters.JUnitReportReporter -->
<testsuite hostname="QSP" failures="0" tests="1" name="testng.Testcase3" time="20.279" errors="0" timestamp="2021-06-29T10:31:46 IST" skipped="0">
  <testcase classname="testng.Testcase3" name="tc3" time="20.279"/>
</testsuite> <!-- testng.Testcase3 -->
